make all --print-data-base --no-builtin-variables --no-builtin-rules --question
# GNU Make 3.81
# Copyright (C) 2006  Free Software Foundation, Inc.
# This is free software; see the source for copying conditions.
# There is NO warranty; not even for MERCHANTABILITY or FITNESS FOR A
# PARTICULAR PURPOSE.

# This program built for i386-apple-darwin11.3.0

# Make data base, printed on Sat Apr  9 04:54:54 2022

# Variables

# environment
VSCODE_GIT_ASKPASS_MAIN = /Users/yassine/Applications/Visual Studio Code.app/Contents/Resources/app/extensions/git/dist/askpass-main.js
# automatic
<D = $(patsubst %/,%,$(dir $<))
# automatic
?F = $(notdir $?)
# environment
ELECTRON_NO_ATTACH_CONSOLE = 1
# makefile (from `Makefile', line 106)
OBJ = $(addprefix $(OBJDIR)/, $(addsuffix .o, $(basename $(SRC))))
# makefile (from `Makefile', line 55)
INCDIR = ./include
# makefile (from `Makefile', line 22)
SRC = src/main.c src/test_functions.c src/display_test_result.c src/signal.c src/sandbox.c src/bench_functions.c src/additional_functions.c hardcore-mode/hardcore-main.c hardcore-mode/error.c hardcore-mode/ncurses-display.c hardcore-mode/test-init.c hardcore-mode/test-utils.c hardcore-mode/test-strcpy.c hardcore-mode/test-strcmp.c hardcore-mode/test-strncmp.c hardcore-mode/test-memset.c hardcore-mode/test-memcpy.c hardcore-mode/test-memccpy.c hardcore-mode/test-memmove.c hardcore-mode/test-memchr.c hardcore-mode/test-memcmp.c hardcore-mode/test-strlen.c hardcore-mode/test-strncpy.c hardcore-mode/test-strcat.c hardcore-mode/test-strncat.c hardcore-mode/test-strchr.c hardcore-mode/test-strrchr.c hardcore-mode/test-strstr.c 
# environment
VSCODE_LOG_NATIVE = false
# automatic
?D = $(patsubst %/,%,$(dir $?))
# automatic
@D = $(patsubst %/,%,$(dir $@))
# makefile (from `Makefile', line 90)
LINK_COLOR = 47
# automatic
@F = $(notdir $@)
# makefile
CURDIR := /Users/yassine/Desktop/42_project/tester/libft-unit-test/C00_tester
# makefile
SHELL = /bin/sh
# makefile (from `Makefile', line 128)
exec_color = $(call disp_indent); echo $(1)$(2) $(3) $(4) $(5) $(6) $(7) $(8) $(9) $(10)"\033[31m"; $(2) $(3) $(4) $(5) $(6) $(7) $(8) $(9) $(10)
# environment
VSCODE_NLS_CONFIG = {"locale":"en-gb","availableLanguages":{},"_languagePackSupport":true}
# environment
_ = /usr/bin/make
# makefile (from `Makefile', line 75)
CFLAGS = -Werror -Wall -Wextra
# makefile (from `Makefile', line 124)
disp_indent = for I in `seq 1 $(MAKELEVEL)`; do test "$(MAKELEVEL)" '!=' '0' && printf "\t"; done
# makefile (from `Makefile', line 68)
LIBMALLOC = malloc.dylib
# makefile (from `Makefile', line 89)
CLEAN_COLOR_T = 196
# makefile (from `Makefile', line 1)
MAKEFILE_LIST :=  Makefile
# makefile (from `Makefile', line 107)
INCFLAG = $(addprefix -I,$(INCDIR))
# makefile (from `Makefile', line 95)
NORM_COLOR_T = 141
# environment
VSCODE_VERBOSE_LOGGING = true
# makefile (from `Makefile', line 18)
LIBFTDIR = ../libft
# makefile (from `Makefile', line 70)
WRAPNAME = run_test
# environment
__CFBundleIdentifier = com.microsoft.VSCode
# environment
VSCODE_IPC_HOOK_EXTHOST = /var/folders/tc/cw3c91pd38jds6sv5tk88v5h0000gn/T/vscode-ipc-ac4e13c6-fdd7-4e0d-954d-860c04be097a.sock
# environment
VSCODE_CWD = /Users/yassine/Desktop/42_project/tester/libft-unit-test/C00_tester
# environment
PATH = /Library/Frameworks/Python.framework/Versions/3.9/bin:/usr/local/bin:/usr/bin:/bin:/usr/sbin:/sbin:/Applications/VMware Fusion.app/Contents/Public:/Library/Apple/usr/bin:/Library/Frameworks/Python.framework/Versions/3.9/bin:/Users/yassine/Developer/flutter/bin:/Users/yassine/Developer/flutter/bin
# environment
LSCOLORS = Gxfxcxdxbxegedabagacad
# makefile (from `Makefile', line 99)
RUN_COLOR = 147
# makefile (from `Makefile', line 122)
VPATH = $(VPATH_TMP:./=)
# environment
LaunchInstanceID = 3D1271E7-B00C-4EE6-AD74-16C4434C4ED4
# environment
VSCODE_LOG_STACK = false
# environment
ELECTRON_RUN_AS_NODE = 1
# makefile (from `Makefile', line 67)
ANAME = libft.a
# default
.FEATURES := target-specific order-only second-expansion else-if archives jobserver check-symlink
# makefile (from `Makefile', line 76)
CSOFLAGS = -shared -fPIC
# environment
SSH_AUTH_SOCK = /private/tmp/com.apple.launchd.9Cmf99PWpx/Listeners
# makefile (from `Makefile', line 21)
SRCDIR = ./
# automatic
%F = $(notdir $%)
# makefile (from `Makefile', line 98)
RUNT_COLR_T = 7
# environment
VSCODE_PIPE_LOGGING = true
# makefile (from `Makefile', line 69)
TMPLIB = $(ASSETDIR)/tmp
# environment
PWD = /Users/yassine/Desktop/42_project/tester/libft-unit-test/C00_tester
# makefile (from `Makefile', line 79)
CC_SO = $(CC)
# makefile (from `Makefile', line 92)
OBJ_COLOR = 122
# environment
ORIGINAL_XDG_CURRENT_DESKTOP = undefined
# environment
VSCODE_AMD_ENTRYPOINT = vs/workbench/api/node/extensionHostProcess
# environment
HOME = /Users/yassine
# makefile (from `Makefile', line 82)
OPTFLAGS = -O2 -funroll-loops
# default
MAKEFILEPATH := /Applications/Xcode.app/Contents/Developer/Makefiles
# environment
VSCODE_CLI = 1
# environment
VSCODE_CODE_CACHE_PATH = /Users/yassine/Library/Application Support/Code/CachedData/e18005f0f1b33c29e81d732535d8c0e47cafb0b5
# environment
LOGNAME = yassine
# environment
APPLICATION_INSIGHTS_NO_DIAGNOSTIC_CHANNEL = 1
# makefile (from `Makefile', line 62)
ASSETDIR = assets
# environment
ZSH = /Users/yassine/.oh-my-zsh
# makefile (from `Makefile', line 132)
disp_title = $(call disp_indent); echo "\033[38;5;$(2);m[  $(1) #$(MAKELEVEL)  ]\033[0m"
# environment
VSCODE_HANDLES_UNCAUGHT_ERRORS = true
# automatic
^D = $(patsubst %/,%,$(dir $^))
# environment
MAKELEVEL := 0
# environment
XPC_FLAGS = 0x0
# environment
COLORTERM = truecolor
# default
MAKE = $(MAKE_COMMAND)
# default
MAKECMDGOALS := all
# environment
SHLVL = 9
# makefile (from `Makefile', line 78)
CC = clang
# makefile (from `Makefile', line 66)
SONAME = libft.so
# default
MAKE_VERSION := 3.81
# environment
USER = yassine
# makefile
.DEFAULT_GOAL := all
# makefile (from `Makefile', line 91)
LINK_COLOR_T = 46
# makefile (from `Makefile', line 65)
NAME = libtests
# makefile (from `Makefile', line 88)
CLEAN_COLOR = 9
# environment
LESS = -R
# automatic
%D = $(patsubst %/,%,$(dir $%))
# makefile (from `Makefile', line 58)
LIBDIR = 
# makefile (from `Makefile', line 77)
CSOFLAGS2 = 
# default
MAKE_COMMAND := /Applications/Xcode.app/Contents/Developer/usr/bin/make
# environment
VSCODE_GIT_ASKPASS_EXTRA_ARGS = --ms-enable-electron-run-as-node
# environment
TERM_PROGRAM = vscode
# default
.VARIABLES := 
# environment
TMPDIR = /var/folders/tc/cw3c91pd38jds6sv5tk88v5h0000gn/T/
# automatic
*F = $(notdir $*)
# makefile (from `Makefile', line 109)
OS := Darwin
# environment
VSCODE_IPC_HOOK = /Users/yassine/Library/Application Support/Code/1.66.0-main.sock
# environment
VSCODE_GIT_ASKPASS_NODE = /Users/yassine/Applications/Visual Studio Code.app/Contents/MacOS/Electron
# makefile
MAKEFLAGS = Rrqp
# environment
MFLAGS = -Rrqp
# automatic
*D = $(patsubst %/,%,$(dir $*))
# environment
TERM_PROGRAM_VERSION = 1.66.0
# environment
XPC_SERVICE_NAME = application.com.microsoft.VSCode.27206182.27206188.35323B16-67C9-4E5B-B68A-BAD9311D9256
# automatic
+D = $(patsubst %/,%,$(dir $+))
# makefile (from `Makefile', line 142)
DYLIBFLAG = -dynamiclib
# automatic
+F = $(notdir $+)
# makefile (from `Makefile', line 97)
NORM_COLOR_WAR = 214
# makefile (from `Makefile', line 108)
NORME = $(addsuffix /*.h,$(INCDIR)) $(addprefix $(SRCDIR)/,$(SRC))
# environment
__CF_USER_TEXT_ENCODING = 0x1F5:0x0:0x2
# environment
COMMAND_MODE = unix2003
# environment
GIT_ASKPASS = /Users/yassine/Applications/Visual Studio Code.app/Contents/Resources/app/extensions/git/dist/askpass.sh
# default
MAKEFILES := 
# automatic
<F = $(notdir $<)
# environment
PHANTOMJS_PLATFORM = darwin
# makefile (from `Makefile', line 52)
OBJDIR = obj
# environment
PHANTOMJS_ARCH = x64
# makefile (from `Makefile', line 72)
FRAMEWORK = 
# environment
PAGER = less
# environment
LC_ALL = C
# makefile (from `Makefile', line 59)
LIBS = -lncurses
# environment
SECURITYSESSIONID = 186a3
# automatic
^F = $(notdir $^)
# makefile (from `Makefile', line 119)
 
VPATH_TMP = .//src/  .//src/  .//src/  .//src/  .//src/  .//src/  .//src/  .//hardcore-mode/  .//hardcore-mode/  .//hardcore-mode/  .//hardcore-mode/  .//hardcore-mode/  .//hardcore-mode/  .//hardcore-mode/  .//hardcore-mode/  .//hardcore-mode/  .//hardcore-mode/  .//hardcore-mode/  .//hardcore-mode/  .//hardcore-mode/  .//hardcore-mode/  .//hardcore-mode/  .//hardcore-mode/  .//hardcore-mode/  .//hardcore-mode/  .//hardcore-mode/  .//hardcore-mode/  .//hardcore-mode/ 
# default
SUFFIXES := 
# makefile (from `Makefile', line 93)
OBJ_COLOR_T = 123
# makefile (from `Makefile', line 94)
NORM_COLOR = 153
# default
.INCLUDE_DIRS = /usr/local/include
# environment
VSCODE_GIT_IPC_HANDLE = /var/folders/tc/cw3c91pd38jds6sv5tk88v5h0000gn/T/vscode-git-cc0855e5e8.sock
# environment
LANG = C
# environment
TERM = xterm-256color
# environment
VSCODE_PID = 456
# makefile (from `Makefile', line 96)
NORM_COLOR_ERR = 160
# variable set hash-table stats:
# Load=124/1024=12%, Rehash=0, Collisions=34/340=10%

# Pattern-specific Variable Values

# No pattern-specific variable values.

# Directories

# . (device 16777224, inode 27685474): 10 files, no impossibilities.
# .//src (device 16777224, inode 27679385): No files, no impossibilities so far.
# .//hardcore-mode (device 16777224, inode 27679357): No files, no impossibilities so far.
# .//src/assets: could not be stat'd.
# .//hardcore-mode/assets: could not be stat'd.

# 10 files, no impossibilities in 5 directories.

# Implicit Rules

obj/%.o: .//%.c include/libft_test.h
#  commands to execute (from `Makefile', line 191):
	@mkdir -p $(OBJDIR)/$(dir $<)
	@$(call disp_title,Building,$(OBJ_COLOR_T))
	@$(call exec_color,"\033[38;5;$(OBJ_COLOR_T)m➤ \033[0m\033[38;5;$(OBJ_COLOR)m",\
	$(CC), $(OPTFLAGS), $(CFLAGS), $(INCFLAG), -o, $@, -c, $<)
	@$(eval ALREADY_OBJ=x)
	

# 1 implicit rules, 0 (0.0%) terminal.

# Files

# Not a target:
obj/hardcore-mode/error.o:
#  Implicit rule search has not been done.
#  Modification time never checked.
#  File has not been updated.

assets/malloc.dylib: assets/malloc.c
#  Implicit rule search has not been done.
#  Modification time never checked.
#  File has not been updated.
#  commands to execute (from `Makefile', line 175):
	@$(call exec_color, "\033[38;5;$(LINK_COLOR_T)m", $(CC) $(CFLAGS) $(DYLIBFLAG) $(ASSETDIR)/malloc.c -I $(INCDIR) -o $(ASSETDIR)/$(LIBMALLOC))
	

assets/libft.a:
#  Implicit rule search has not been done.
#  Implicit/static pattern stem: `'
#  File does not exist.
#  File has been updated.
#  Needs to be updated (-q is set).
# automatic
# @ := assets/libft.a
# automatic
# % := 
# automatic
# * := 
# automatic
# + := 
# automatic
# | := 
# automatic
# < := 
# automatic
# ^ := 
# automatic
# ? := 
# variable set hash-table stats:
# Load=8/32=25%, Rehash=0, Collisions=7/84=8%
#  commands to execute (from `Makefile', line 178):
	@rm -f $(SONAME)
	@$(call exec_color, "\033[38;5;$(LINK_COLOR_T)m", make -j 3 -C "$(LIBFTDIR)")
	@$(call exec_color, "\033[38;5;$(LINK_COLOR_T)m", make bonus -j 3 -C "$(LIBFTDIR)" || true)
	@$(call exec_color, "\033[38;5;$(LINK_COLOR_T)m", cp "$(LIBFTDIR)/libft.a" $(ASSETDIR)/)
	

codesize:
#  Phony target (prerequisite of .PHONY).
#  Implicit rule search has not been done.
#  File does not exist.
#  File has not been updated.
#  commands to execute (from `Makefile', line 239):
	@cat $(NORME) |grep -v '/\*' |wc -l
	

relib:
#  Implicit rule search has not been done.
#  Modification time never checked.
#  File has not been updated.
#  commands to execute (from `Makefile', line 222):
	@$(call exec_color, "\033[38;5;$(LINK_COLOR_T)m", make re -C "$(LIBFTDIR)")
	

b: libclean all
#  Implicit rule search has not been done.
#  Modification time never checked.
#  File has not been updated.
#  commands to execute (from `Makefile', line 247):
	@rm -rf $(ASSETDIR)/$(ANAME)
	@echo "\033[38;5;93mRUNNING BENCH:"
	@./$(WRAPNAME) -b ${ARGS}
	

f: libclean all
#  Implicit rule search has not been done.
#  Modification time never checked.
#  File has not been updated.
#  commands to execute (from `Makefile', line 242):
	@rm -rf $(ASSETDIR)/$(ANAME)
	@echo "\033[38;5;93mRUNNING TESTS:"
	@./$(WRAPNAME) ${SPEED}
	

all: assets/libft.a libft.so assets/libtests assets/malloc.dylib run_test
#  Phony target (prerequisite of .PHONY).
#  Command-line target.
#  Implicit rule search has not been done.
#  File does not exist.
#  File has been updated.
#  Needs to be updated (-q is set).
# variable set hash-table stats:
# Load=0/32=0%, Rehash=0, Collisions=0/76=0%

.PHONY: all clean fclean re norme codesize coffee
#  Implicit rule search has not been done.
#  Modification time never checked.
#  File has not been updated.

# Not a target:
libtests:
#  Implicit rule search has not been done.
#  Modification time never checked.
#  File has not been updated.

# Not a target:
obj/hardcore-mode/test-strlen.o:
#  Implicit rule search has not been done.
#  Modification time never checked.
#  File has not been updated.

libft: libclean all
#  Implicit rule search has not been done.
#  Modification time never checked.
#  File has not been updated.
#  commands to execute (from `Makefile', line 252):
	@rm -rf $(ASSETDIR)/$(ANAME)
	

# Not a target:
.SUFFIXES:
#  Implicit rule search has not been done.
#  Modification time never checked.
#  File has not been updated.

# Not a target:
obj/hardcore-mode/test-memmove.o:
#  Implicit rule search has not been done.
#  Modification time never checked.
#  File has not been updated.

# Not a target:
assets/malloc.c:
#  Implicit rule search has not been done.
#  Modification time never checked.
#  File has not been updated.

# Not a target:
Makefile:
#  Implicit rule search has been done.
#  Last modified 2022-04-09 03:14:58
#  File has been updated.
#  Successfully updated.
# variable set hash-table stats:
# Load=0/32=0%, Rehash=0, Collisions=0/0=0%

# Not a target:
obj/hardcore-mode/test-utils.o:
#  Implicit rule search has not been done.
#  Modification time never checked.
#  File has not been updated.

# Not a target:
obj/hardcore-mode/ncurses-display.o:
#  Implicit rule search has not been done.
#  Modification time never checked.
#  File has not been updated.

# Not a target:
obj/src/display_test_result.o:
#  Implicit rule search has not been done.
#  Modification time never checked.
#  File has not been updated.

# Not a target:
obj/hardcore-mode/test-strrchr.o:
#  Implicit rule search has not been done.
#  Modification time never checked.
#  File has not been updated.

# Not a target:
obj/hardcore-mode/test-memccpy.o:
#  Implicit rule search has not been done.
#  Modification time never checked.
#  File has not been updated.

run_test: assets/wrapper.c
#  Implicit rule search has not been done.
#  Modification time never checked.
#  File has not been updated.
#  commands to execute (from `Makefile', line 172):
	@$(call exec_color, "\033[38;5;$(LINK_COLOR_T)m", $(CC) $(CFLAGS) $(ASSETDIR)/wrapper.c -I $(INCDIR) -o $(WRAPNAME))
	

# Not a target:
obj/hardcore-mode/test-init.o:
#  Implicit rule search has not been done.
#  Modification time never checked.
#  File has not been updated.

# Not a target:
obj/hardcore-mode/test-strncat.o:
#  Implicit rule search has not been done.
#  Modification time never checked.
#  File has not been updated.

# Not a target:
obj/hardcore-mode/test-strcat.o:
#  Implicit rule search has not been done.
#  Modification time never checked.
#  File has not been updated.

# Not a target:
obj/src/signal.o:
#  Implicit rule search has not been done.
#  Modification time never checked.
#  File has not been updated.

fclean: clean
#  Phony target (prerequisite of .PHONY).
#  Implicit rule search has not been done.
#  File does not exist.
#  File has not been updated.
#  commands to execute (from `Makefile', line 211):
	@if [ $(ALREADY_RM)x != xx ]; then \
	$(call disp_title,Cleaning,$(CLEAN_COLOR_T)); \
	fi
	@$(call exec_color,"\033[38;5;$(CLEAN_COLOR_T)m➤ \033[38;5;$(CLEAN_COLOR)m",\
	rm -f, $(WRAPNAME))
	@$(eval ALREADY_RM=x)
	

# Not a target:
obj/src/bench_functions.o:
#  Implicit rule search has not been done.
#  Modification time never checked.
#  File has not been updated.

# Not a target:
 
obj/src/test_functions.o:
#  Implicit rule search has not been done.
#  Modification time never checked.
#  File has not been updated.

# Not a target:
obj/hardcore-mode/test-memcpy.o:
#  Implicit rule search has not been done.
#  Modification time never checked.
#  File has not been updated.

# Not a target:
.DEFAULT:
#  Implicit rule search has not been done.
#  Modification time never checked.
#  File has not been updated.

libft.so:
#  Implicit rule search has not been done.
#  Modification time never checked.
#  File has not been updated.
#  commands to execute (from `Makefile', line 155):
	@rm -rf $(TMPLIB) || echo -n
	@mkdir -p $(TMPLIB)
	@cd $(TMPLIB) && ar -xv ../libft.a 1>/dev/null
	@$(call exec_color, "\033[38;5;$(LINK_COLOR_T)m➤ \033[38;5;$(LINK_COLOR)m",\
	$(CC_SO), $(CSOFLAGS), $(TMPLIB)/*.o, -o, $(SONAME))
	

# Not a target:
obj/hardcore-mode/test-memcmp.o:
#  Implicit rule search has not been done.
#  Modification time never checked.
#  File has not been updated.

# Not a target:
obj/hardcore-mode/test-memchr.o:
#  Implicit rule search has not been done.
#  Modification time never checked.
#  File has not been updated.

re: relib fclean libclean
#  Phony target (prerequisite of .PHONY).
#  Implicit rule search has not been done.
#  File does not exist.
#  File has not been updated.
#  commands to execute (from `Makefile', line 226):
	@$(MAKE) all
	

# Not a target:
obj/src/additional_functions.o:
#  Implicit rule search has not been done.
#  Modification time never checked.
#  File has not been updated.

# Not a target:
obj/hardcore-mode/test-memset.o:
#  Implicit rule search has not been done.
#  Modification time never checked.
#  File has not been updated.

run: libtests
#  Implicit rule search has not been done.
#  Modification time never checked.
#  File has not been updated.
#  commands to execute (from `Makefile', line 234):
	@echo "\033[1;35;$(RUN_COLOR_T)m[  Running #$(MAKELEVEL)  ]\033[0m"
	@echo "\033[0;1;35m➤ \033[0;38;5;$(RUN_COLOR)m./a.out ${ARGS}\033[0m"
	@./$(NAME) ${ARGS}
	

clean:
#  Phony target (prerequisite of .PHONY).
#  Implicit rule search has not been done.
#  File does not exist.
#  File has not been updated.
#  commands to execute (from `Makefile', line 199):
	@if [ $(ALREADY_RM)x != xx ]; then \
	$(call disp_title,Cleaning,$(CLEAN_COLOR_T)); \
	fi
	@$(call exec_color,"\033[38;5;$(CLEAN_COLOR_T)m➤ \033[38;5;$(CLEAN_COLOR)m",\
	rm -f, $(OBJ)) # <- Cleaning objs
	@$(call exec_color,"\033[38;5;$(CLEAN_COLOR_T)m➤ \033[38;5;$(CLEAN_COLOR)m",\
	rm -f, $(SONAME) $(ASSETDIR)/$(ANAME) $(ASSETDIR)$(NAME) $(ASSETDIR)/$(LIBMALLOC)) # <- Cleaning assets
	@rmdir $(OBJDIR) 2> /dev/null || echo "" > /dev/null
	@$(eval ALREADY_RM=x)
	

# Not a target:
obj/src/sandbox.o:
#  Implicit rule search has not been done.
#  Modification time never checked.
#  File has not been updated.

coffee:
#  Phony target (prerequisite of .PHONY).
#  Implicit rule search has not been done.
#  File does not exist.
#  File has not been updated.
#  commands to execute (from `Makefile', line 255):
	@clear
	@echo ""
	@echo "                   ("
	@echo "	                     )     ("
	@echo "               ___...(-------)-....___"
	@echo '           .-""       )    (          ""-.'
	@echo "      .-''''|-._             )         _.-|"
	@echo '     /  .--.|   `""---...........---""`   |'
	@echo "    /  /    |                             |"
	@echo "    |  |    |                             |"
	@echo "     \  \   |                             |"
	@echo "      '\ '\ |                             |"
	@echo "        '\ '|                             |"
	@echo "        _/ /\                             /"
	@echo "       (__/  \                           /"
	@echo '    _..---""` \                         /`""---.._'
	@echo " .-'           \                       /          '-."
	@echo ":               '-.__             __.-'              :"
	@echo ':                  ) ""---...---"" (                :'
	@echo "\'._                '"--...___...--"'              _.'"
	@echo '   \""--..__                              __..--""/'
	@echo "     '._     """----.....______.....----"""         _.'"
	@echo '         ""--..,,_____            _____,,..--"""'''
	@echo '                      """------"""'
	@sleep 0.5
	@clear
	@echo ""
	@echo "                 ("
	@echo "	                  )      ("
	@echo "               ___..(.------)--....___"
	@echo '           .-""       )   (           ""-.'
	@echo "      .-''''|-._      (       )        _.-|"
	@echo '     /  .--.|   `""---...........---""`   |'
	@echo "    /  /    |                             |"
	@echo "    |  |    |                             |"
	@echo "     \  \   |                             |"
	@echo "      '\ '\ |                             |"
	@echo "        '\ '|                             |"
	@echo "        _/ /\                             /"
	@echo "       (__/  \                           /"
	@echo '    _..---""` \                         /`""---.._'
	@echo " .-'           \                       /          '-."
	@echo ":               '-.__             __.-'              :"
	@echo ':                  ) ""---...---"" (                :'
	@echo "\'._                '"--...___...--"'              _.'"
	@echo '   \""--..__                              __..--""/'
	@echo "     '._     """----.....______.....----"""         _.'"
	@echo '         ""--..,,_____            _____,,..--"""'''
	@echo '                      """------"""'
	@sleep 0.5
	@clear
	@echo ""
	@echo "               ("
	@echo "	                  )     ("
	@echo "               ___..(.------)--....___"
	@echo '           .-""      )    (           ""-.'
	@echo "      .-''''|-._      (       )        _.-|"
	@echo '     /  .--.|   `""---...........---""`   |'
	@echo "    /  /    |                             |"
	@echo "    |  |    |                             |"
	@echo "     \  \   |                             |"
	@echo "      '\ '\ |                             |"
	@echo "        '\ '|                             |"
	@echo "        _/ /\                             /"
	@echo "       (__/  \                           /"
	@echo '    _..---""` \                         /`""---.._'
	@echo " .-'           \                       /          '-."
	@echo ":               '-.__             __.-'              :"
	@echo ':                  ) ""---...---"" (                :'
	@echo "\'._                '"--...___...--"'              _.'"
	@echo '   \""--..__                              __..--""/'
	@echo "     '._     """----.....______.....----"""         _.'"
	@echo '         ""--..,,_____            _____,,..--"""'''
	@echo '                      """------"""'
	@sleep 0.5
	@clear
	@echo ""
	@echo "             (         ) "
	@echo "	              )        ("
	@echo "               ___)...----)----....___"
	@echo '           .-""      )    (           ""-.'
	@echo "      .-''''|-._      (       )        _.-|"
	@echo '     /  .--.|   `""---...........---""`   |'
	@echo "    /  /    |                             |"
	@echo "    |  |    |                             |"
	@echo "     \  \   |                             |"
	@echo "      '\ '\ |                             |"
	@echo "        '\ '|                             |"
	@echo "        _/ /\                             /"
	@echo "       (__/  \                           /"
	@echo '    _..---""` \                         /`""---.._'
	@echo " .-'           \                       /          '-."
	@echo ":               '-.__             __.-'              :"
	@echo ':                  ) ""---...---"" (                :'
	@echo "\'._                '"--...___...--"'              _.'"
	@echo '   \""--..__                              __..--""/'
	@echo "     '._     """----.....______.....----"""         _.'"
	@echo '         ""--..,,_____            _____,,..--"""'''
	@echo '                      """------"""'
	

# Not a target:
obj/hardcore-mode/test-strncpy.o:
#  Implicit rule search has not been done.
#  Modification time never checked.
#  File has not been updated.

# Not a target:
obj/hardcore-mode/test-strncmp.o:
#  Implicit rule search has not been done.
 
#  Modification time never checked.
#  File has not been updated.

# Not a target:
obj/hardcore-mode/test-strcpy.o:
#  Implicit rule search has not been done.
#  Modification time never checked.
#  File has not been updated.

# Not a target:
obj/hardcore-mode/test-strcmp.o:
#  Implicit rule search has not been done.
#  Modification time never checked.
#  File has not been updated.

# Not a target:
assets/wrapper.c:
#  Implicit rule search has not been done.
#  Modification time never checked.
#  File has not been updated.

libclean:
#  Implicit rule search has not been done.
#  Modification time never checked.
#  File has not been updated.
#  commands to execute (from `Makefile', line 219):
	@rm -rf $(ASSETDIR)/$(ANAME) $(ASSETDIR)/$(NAME) $(TMPLIB)
	

# Not a target:
obj/hardcore-mode/test-strchr.o:
#  Implicit rule search has not been done.
#  Modification time never checked.
#  File has not been updated.

# Not a target:
obj/hardcore-mode/hardcore-main.o:
#  Implicit rule search has not been done.
#  Modification time never checked.
#  File has not been updated.

assets/libtests: obj/src/main.o obj/src/test_functions.o obj/src/display_test_result.o obj/src/signal.o obj/src/sandbox.o obj/src/bench_functions.o obj/src/additional_functions.o obj/hardcore-mode/hardcore-main.o obj/hardcore-mode/error.o obj/hardcore-mode/ncurses-display.o obj/hardcore-mode/test-init.o obj/hardcore-mode/test-utils.o obj/hardcore-mode/test-strcpy.o obj/hardcore-mode/test-strcmp.o obj/hardcore-mode/test-strncmp.o obj/hardcore-mode/test-memset.o obj/hardcore-mode/test-memcpy.o obj/hardcore-mode/test-memccpy.o obj/hardcore-mode/test-memmove.o obj/hardcore-mode/test-memchr.o obj/hardcore-mode/test-memcmp.o obj/hardcore-mode/test-strlen.o obj/hardcore-mode/test-strncpy.o obj/hardcore-mode/test-strcat.o obj/hardcore-mode/test-strncat.o obj/hardcore-mode/test-strchr.o obj/hardcore-mode/test-strrchr.o obj/hardcore-mode/test-strstr.o
#  Implicit rule search has not been done.
#  Modification time never checked.
#  File has not been updated.
#  commands to execute (from `Makefile', line 185):
	@$(call disp_title,Linking,$(LINK_COLOR_T));
	@$(call exec_color, "\033[38;5;$(LINK_COLOR_T)m➤ \033[38;5;$(LINK_COLOR)m",\
	$(CC), $(CFLAGS), $(OPTFLAGS), $(VLIBDIR), $(VLIB), $(RFRAME) $(LIBS), -o, $(ASSETDIR)/$(NAME), $(OBJ))
	

norme:
#  Phony target (prerequisite of .PHONY).
#  Implicit rule search has not been done.
#  File does not exist.
#  File has not been updated.
#  commands to execute (from `Makefile', line 230):
	@$(call disp_title,Norme,$(NORM_COLOR_T))
	@norminette $(NORME) | sed "s/Norme/[0;1;$(NORM_COLOR_T)m➤  [0;38;5;$(NORM_COLOR)mNorme/g;s/Warning/[38;5;$(NORM_COLOR_WAR)mWarning/g;s/Error/[38;5;$(NORM_COLOR_ERR)mError/g"
	

# Not a target:
obj/src/main.o:
#  Implicit rule search has not been done.
#  Modification time never checked.
#  File has not been updated.

# Not a target:
obj/hardcore-mode/test-strstr.o:
#  Implicit rule search has not been done.
#  Modification time never checked.
#  File has not been updated.

# files hash-table stats:
# Load=53/1024=5%, Rehash=0, Collisions=0/149=0%
# VPATH Search Paths

# No `vpath' search paths.

# General (`VPATH' variable) search path:
# .//src:.//src:.//src:.//src:.//src:.//src:.//src:.//hardcore-mode:.//hardcore-mode:.//hardcore-mode:.//hardcore-mode:.//hardcore-mode:.//hardcore-mode:.//hardcore-mode:.//hardcore-mode:.//hardcore-mode:.//hardcore-mode:.//hardcore-mode:.//hardcore-mode:.//hardcore-mode:.//hardcore-mode:.//hardcore-mode:.//hardcore-mode:.//hardcore-mode:.//hardcore-mode:.//hardcore-mode:.//hardcore-mode:.//hardcore-mode

# # of strings in strcache: 1
# # of strcache buffers: 1
# strcache size: total = 4096 / max = 4096 / min = 4096 / avg = 4096
# strcache free: total = 4087 / max = 4087 / min = 4087 / avg = 4087

# Finished Make data base on Sat Apr  9 04:54:54 2022

 
